2025-04-14 00:07:57,379 - Generating hedgehog stories with different parameters:
2025-04-14 01:46:22,793 - 
Temperature: 1.0, Top-p: 0.9
2025-04-14 01:46:22,808 - Once upon a time, in a place far, far away, there lived a tiny hedgehog named Sonic. Sonic was small, barely three inches in length, but he was as agile as a sprinter. His fur was a soft, golden-brown color, with spots that looked like they were shimmering with light. Sonic lived in a little hut on the edge of a forest, where he spent his days hiding under the leaves and munching on the soft bark of the trees.

One day, while exploring the forest, Sonic stumbled upon a secret door. Hidden behind a large tree, the door was unlike any other. It had a small, faint light emanating from it, casting a soft glow across the forest. Sonic couldn't shake the feeling that it belonged to someone special.

As he tried to open the door, he realized it was the door to a place of danger. With a jump, Sonic rushed into the hidden recesses of the treehouse, where he found a hidden cave. Inside, he discovered a chest filled with treasure: a small, shiny coin, a pair of delicate, silver earrings, and a beautifully carved wooden box.

Sonic was thrilled to find this treasure, but he soon realized that he was the only one who had found it. He felt incredibly lucky and grateful, but his heart was heavy. He knew that he had to give it back to whoever had given it to him, and he knew that he couldn't do it on his own.

With a determined face, Sonic stepped back into the hidden cave and began to dig through the dirt, searching for the person who had given him the treasure. He followed the light from the door, until he found a path that led deeper into the forest. From there, he heard the distant sound of footsteps approaching.

"Open the door, Sonic," he said, feeling a pang of fear. "Someone has seen you."

Sonic stepped forward and slowly opened the door, revealing a smiling face. It was his guardian, a wise old owl with golden wings and black fur. "It was me," Sonic said with a small smile. "I thought you'd never come."

The owl nodded and led Sonic into the next room, where he found his beloved family. There were four of them, a wise old owl, a mermaid, a swan, and a silver-tailed dragon. They welcomed Sonic with open arms, and he felt a warmth and pride he had never experienced before.

From that day on, Sonic lived a happy life, forever grateful for the treasure that had saved his life. He knew that he had made a mistake, but he also knew that it was an important lesson about trust and friendship. And he had a special bond with the owl, who had never forgotten him, even after they had parted ways.

And so, Sonic and his new family continued to live happily ever after, a tale of survival and hope, all because a tiny hedgehog, with just three inches in length, had found the magic of a hidden treasure chest.<|im_end|>
2025-04-14 01:46:22,829 - 
==================================================

2025-04-14 02:02:29,618 - 
Temperature: 1.0, Top-p: 0.15
2025-04-14 02:02:29,625 - Once upon a time, in a small, cozy village nestled in the heart of the forest, there lived a tiny hedgehog named Sonic. Sonic was a curious and adventurous creature, always eager to explore the world around him. One day, while wandering through the forest, Sonic stumbled upon a hidden cave.

Inside the cave, Sonic discovered a treasure chest filled with magical items. As he opened the chest, he was amazed to see that the items were not just ordinary, but enchanted. Sonic was thrilled to find that he could use the items to help others in need.

From that day on, Sonic became a hero in the village. He used his magical powers to help people in need, and soon, the village was filled with people who were grateful for the help they received from Sonic.

Sonic's story became a legend, and people from all over the village would tell stories about him. Sonic's adventures and his magic helped to bring joy and hope to the people of the village, and he was loved and respected by all who knew him.

And so, Sonic continued to be a tiny hedgehog, always on the lookout for new adventures and helping others in need.<|im_end|>
2025-04-14 02:02:29,626 - 
==================================================

2025-04-14 02:48:43,350 - 
Temperature: 0.5, Top-p: 0.9
2025-04-14 02:48:43,360 - Once upon a time, in a small village nestled in the heart of the forest, there lived a tiny hedgehog named Sonic. Sonic was a curious and adventurous creature, always eager to explore the world around him. One day, while wandering through the forest, Sonic stumbled upon a hidden cave.

As Sonic explored the cave, he discovered a small, cozy den filled with a variety of interesting creatures. Among them were a group of friendly hedgehogs who welcomed Sonic into their home. Sonic was thrilled to be a part of this community and was quickly befriended by the other hedgehogs.

Over time, Sonic and the other hedgehogs became friends and learned to share their food and resources. They would often help each other with their daily tasks, and Sonic's tiny size made it easy for them to find food and shelter.

As the seasons changed, the hedgehogs would gather for a special gathering, where they would share stories and learn about each other's lives. Sonic was always eager to learn more about the world around him, and he found that the hedgehogs were always there to share their knowledge and wisdom.

One day, as Sonic was exploring the cave, he stumbled upon a hidden treasure. It was a small, shiny object that looked like a small, round stone. Sonic was excited to find this treasure and was determined to share it with the other hedgehogs.

With a big smile on his face, Sonic and the other hedgehogs set off on a journey to find the treasure. They would race through the forest, using their small bodies to move quickly and efficiently. Along the way, they would encounter many challenges, but they never gave up.

Finally, after many hours of running, Sonic and the other hedgehogs arrived at the treasure's hidden location. They were amazed to find the treasure, which was a large, shiny stone that looked like a giant, round ball.

With a big smile on their faces, Sonic and the other hedgehogs shared the treasure with the other hedgehogs. They were grateful for the friendship and the treasure, and they knew that they would always be there for each other.

From that day on, Sonic and the other hedgehogs became best friends and lived happily ever after, sharing their adventures and learning from each other.<|im_end|>
2025-04-14 02:48:43,362 - 
==================================================

2025-04-14 02:59:56,492 - 
Temperature: 0.5, Top-p: 0.15
2025-04-14 02:59:56,495 - Once upon a time, in a small, cozy village nestled in the heart of the forest, there lived a tiny hedgehog named Sonic. Sonic was a curious and adventurous creature, always eager to explore the world around him. One day, while wandering through the forest, Sonic stumbled upon a hidden cave.

Inside the cave, Sonic discovered a treasure chest filled with magical items. As he opened the chest, he was amazed to see that the items were not just ordinary, but enchanted. Sonic was thrilled to find that he could use the items to help others in need.

From that day on, Sonic became a hero in the village. He used his magical powers to help people in need, and soon, the village was filled with people who were grateful for the help they received from Sonic.

Sonic's story became a legend, and people from all over the village would tell stories about him. Sonic's adventures and his magic helped to bring joy and hope to the people of the village, and he was loved and respected by all who knew him.

And so, Sonic continued to be a tiny hedgehog, always on the lookout for new adventures and helping others in need.<|im_end|>
2025-04-14 02:59:56,506 - 
==================================================

2025-04-14 02:59:56,506 - Generating JSON outputs with different parameters:
2025-04-14 03:00:51,952 - 
Temperature: 1.0, Top-p: 0.9
2025-04-14 03:00:51,954 - {"contractor": "Mike", "sum": 105, "currency": "rubles"}<|im_end|>
2025-04-14 03:00:51,955 - 
==================================================

2025-04-14 03:01:58,014 - 
Temperature: 1.0, Top-p: 0.15
2025-04-14 03:01:58,017 - {"contractor": "Mike", "sum": 105, "currency": "rubles"}<|im_end|>
2025-04-14 03:01:58,017 - 
==================================================

2025-04-14 03:02:50,820 - 
Temperature: 0.5, Top-p: 0.9
2025-04-14 03:02:50,823 - {"contractor": "Mike", "sum": 105, "currency": "rubles"}<|im_end|>
2025-04-14 03:02:50,823 - 
==================================================

2025-04-14 03:03:45,635 - 
Temperature: 0.5, Top-p: 0.15
2025-04-14 03:03:45,637 - {"contractor": "Mike", "sum": 105, "currency": "rubles"}<|im_end|>
2025-04-14 03:03:45,637 - 
==================================================

