2025-04-14 00:08:39,873 - Generating 3 hedgehog stories:
2025-04-14 00:38:06,706 - 
Story 1:
2025-04-14 00:38:06,713 - Once upon a time, in a charming countryside, there lived a small hedgehog named Sonic. Sonic loved exploring the forest and discovering new things. One sunny afternoon, he stumbled upon a hidden cave deep in the forest.

Inside the cave, Sonic's tiny heart soared with joy. He purred and stretched his eager arms, as he hoped to feel trapped by all the candy and treats he had been foolishly stumbled into the cave in the first place. But Then, he opened the door and stepped inside.

The forest was alive with color and magic. The wind howled through thick, dense foliage, brushing against Sonic's gait quietly. In the middle of the forest stood a sparkling crystal gourd.

A warm breeze blew through the pebble-filled ground surrounding the gourd. Sonic felt a spark of excitement building in his belly. The crystal gourd released its magic, enabling the tiny hedgehog to drink from it.

In one swift motion, Sonic did as the gourd said. The crystal, malleable and warm, transformed into the biggest, brightest cup of honey that Sonic's tiny teeth had ever tasted. The honey flowed down to his hungry tummy, and it tasted sweet.

With a contented sigh, Sonic took the tiny honey cup with great relish. He chewed on it tenderly, savoring the sweet taste of cinnamon. He nestled into the grass and breathed in the joy of his little magic.

As the sun hung low in the sky and Skylark slowly took flight back to the safety of the cave, Sonic made his way back to the hinky point in the nearby countryside where he had first discovered the crystal gourd. This time, however, he knew it would be just fine. The end.<|im_end|>
2025-04-14 00:38:06,713 - 
==================================================

2025-04-14 02:16:40,564 - 
Story 2:
2025-04-14 02:16:40,583 - Once upon a time, in a secluded forest hiding in the heart of the woods, lived an elderly hedgehog named Sonic. Sonic was a small creature with a marvelous red coat that shimmered under his skin, or at least that was how many people perceived him. Little did anyone know, his tiny nature of being incredibly fast made him an excellent judge of distance and a faithful companion to all living.

One crisp autumn morning, Sonic woke up from his fall asleep just months earlier as he aimed his enchanted bow to hunt for passing squirrels. Grass thrashed in his grooved tusks as he approached a large, deftly carved tree. It was no mere obscure oak here from the nearby tiny village with a square trunk and small forks. This tree glowed in the morning sun within a single luminescent orange bulb. 

Leaping from the branch of the sturdy tree, Sonic's scales swished slightly in her safe hand snatching a bite from the hard bark. He had carefully waited, navigating through the fragrant leaves like a cinch. With the basket of his snout crammed tightly, his hungry eyes bulged as he began to feed.

The moment passed simply as he grasped another seed in his tentacious mouth, his delicate tail raising and lowering with his eagerness. The seed grew to pack more and more flesh as he recognized the small, bulbous ones that his bounty was starting to resemble.

Hours passed like a dream, his distinctive inborn thirst simmering. The seeds he hunted further and deeper into the forest until he saw no more. Somewhere, under the autumn sky, his lone sentinel nest, the pellet filled nest, was gathering seeds he hadn't eaten yet.

After hours of lingering, a sudden peak had crept on his haunches. He didn't hesitate. With a deep, strong ‘woof’ in his silky rumble, did what he called his signature vocal call, Sonic pounced upon the evening frost. 

With ease, his limbs crafted by the gentle autumn breeze, though clumsy, and his small act appeared to be his best friend. Instantly his frail body consume the warmth of his cozy habitat, and she sat motionless, toying with his small discovery while his restlessly hopping tail reached her tenderized paws.

Nostalgia filled sailing through his hushed throat and eyes. He brought the scent of fresher air one tea to his casual echo from his nest that was a two-thousand footed pathway next to his hole rather than side by side with a humanitarian sick stretcher.

When the villagers returned to the village late at night due to heatwave the previous summer, Sonic answered with loud and gentle exclaiming, "How you feruantly nosh?" and hugged each now child-like traveler tight around his small body. 

Perhaps, as a symbolic matter, the ones he went without the ability to chase squirrels shadowed the hut up by the summershading trees with their fall. 

On that curious night, hesitant humans with ears until midnight as they faced each other perceivelike floating in small mirrors deep into deepest forests. The tree above Ger. ozinski had narrowed a question in his keen eyes which of the many little villages up in the hills bottomed a common lowbrow in the ascensees of mankind. And he’d hung over one of them the colorful granting blue gem his tender arbitrator senses knew with heightened senses of treasure. Oklahoma!<|im_end|>
2025-04-14 02:16:40,637 - 
==================================================

2025-04-14 02:41:07,475 - 
Story 3:
2025-04-14 02:41:07,486 - Once upon a time, in a remote nook of the forest, a tiny hedgehog named Sonic lived a life full of joy and adventure. Sonic was an adventurous creature, always seeking new challenges and learning new things from his experiences.

Sonic's hunting techniques were as sharp as a knife, and his travels took him far beyond what any hedgehog had ever dreamt of. One day, while traveling through a dense rainforest, Sonic stumbled upon an ancient treasure trunk adorned with intricate carvings that told a story of its origins.

That night, Sonic and his friends quickly gathered their gear before setting off on the nightlogue, and a storm began. The adventure itself was remarkable, with Sonic having to navigate through murky swamps, over treacherous mountains, and cross treacherous rivers, only to fortify his tale with the advice of ancient kindly foxes who offered him wisdom.

In the end, their deeds were recognized, and they became known as "Caddies" by other creatures, and the team was grateful for their efforts. Sonic's adventures had changed how the forest was seen, and he became a symbol of bravery and friendship, carried on by the friendship and kindness of his many friends.

And so, in a world of high and deep forest, Sonic was remembered for being a shining beacon of hope and adventure. These days, she was closely with a small and near-to-backyard little town where she wandered as nightly as a puppy by and played her merry, but safe, dance with her friends shyly.<|im_end|>
2025-04-14 02:41:07,487 - 
==================================================

2025-04-14 02:41:07,487 - Generating 3 JSON outputs:
2025-04-14 02:43:27,656 - 
JSON 1:
2025-04-14 02:43:27,663 - {"contractor": "Mike", "sum": 105.0, "currency": "Rubles"}<|im_end|>
2025-04-14 02:43:27,663 - 
==================================================

2025-04-14 02:45:24,672 - 
JSON 2:
2025-04-14 02:45:24,675 - {"contractor": "Mike", "sum": 105, "currency": "ruble"}<|im_end|>
2025-04-14 02:45:24,675 - 
==================================================

2025-04-14 02:47:25,589 - 
JSON 3:
2025-04-14 02:47:25,765 - {"contractor": "Mike", "sum": 105, "currency": "RUB"}<|im_end|>
2025-04-14 02:47:25,765 - 
==================================================

