2025-04-15 23:06:03,105 - Generating 3 hedgehog stories:
2025-04-15 23:07:45,841 - 
Story 1:
2025-04-15 23:07:45,842 - Once upon a time, in a small forest, there lived a small handwritten hedgehog named Sonic. Sonic was as tiny as a toad and could never find the adventure of a normal hedgehog. But sometimes, the things that made life tough also made it beautiful.
One day, while exploring a small pond, Sonic stumbled upon small creatures swimming beneath the water's surface. Diving in, he lifted up a small seashell. Chewing on the seashell, he were abducted and guided by the current. The next day, when he went for a hike, he discovered small islands with exotic pines and colorful orchids.
Through these experiences, Sonic realized the importance of finding strong bonds with nature. He would start his adventures with caution and remained true to himself. For he knew that sometimes, he did not know who he truly was, but Day by day, Day by day he grew and changed.
The small forest would continue to welcome his little adventure and merman express his gratitude. And Sonic's journey of discovery and adventure was a milestone of his life. And he was content to live life like he did.
As time passed, Sonic continued to grow, not just physically but also mentally. His story would be an inspiration to many. And with his adventures' end, the town of Leek quietly fell away, its old traditions and mythology as distant as the forest he loved to explore. He made sure his stories were surrounded by growth and success. And that was all. He was content. And no unhappy or sad feeling, for the town that once humbled him and gave him such amazing adventures, would elude him. Saved by his gentle, curiosity-filled interest in natureyll.<|im_end|>
2025-04-15 23:07:45,842 - 
==================================================

2025-04-15 23:59:44,602 - 
Story 2:
2025-04-15 23:59:44,603 - Once upon a time, there was a tiny hedgehog named Sonic who lived in a small village with his family. Sonic was always the smallest animal in the village, but he wasn't lazy or slow. He was always up early, traveling the miles in search of food.
Sonic lived in a cozy house filled with toys and books. He loved to play with his favourite toy science jokes, which he loved to tell to any passing villagers. However, Sonic loved to graze on his best friend - a small deer.
One day, while near a river, Sonic saw a group of deer grazing nearby. They were all so excited and playful, but Sonic couldn't wait to see their laughter. He followed the deer and eventually caught sight of a large tunnel they had just turned.
With a strong start, Sonic took to the woods, and soon he was deep in the tunnel. There were obstacles, like boulders and water holes, but Sonic never gave up. He climbed, struggled, and finally reached the other side. When he came out, he was a hero to his village and many more.
From that point on, Sonic became very popular, and more villagers came to visit him since his hard work had paid off. Sonic did not stop until he had satisfied all the villagers' hunger, and he had brought out the best food for people to enjoy. He continued to love every day, waking up early and feeding the deer.<|im_end|>
2025-04-15 23:59:44,603 - 
==================================================

2025-04-16 03:11:58,745 - 
Story 3:
2025-04-16 03:11:58,746 - Deep in the enchanted forest, where sunlight filtered through ancient trees in golden rays, lived a curious hedgehog named Sonic. Unlike his fellows who spent their days foraging and their nights sleeping, Sonic was drawn to the mysteries that lay beyond the familiar paths of his woodland home.

One misty morning, while the dew still clung to spider webs like strings of pearls, Sonic discovered a peculiar blue flower that seemed to glow with an inner light. Fascinated, he approached cautiously, his small nose twitching as he sniffed the unusual bloom.

As soon as his paw touched the flower's velvet petals, a shower of sparkling dust enveloped him. Sonic felt a strange tingling sensation run through his tiny body, and before he could scurry away, he found himself transforming. His spines elongated and turned a brilliant blue, while his legs grew stronger and more agile.

With his newfound abilities, Sonic could run faster than the wind itself. He zoomed through the forest, leaving only a blur of blue and the sound of rustling leaves in his wake. The other animals watched in amazement as the once ordinary hedgehog performed extraordinary feats.

Word of the magical blue hedgehog spread throughout the land, reaching the ears of a wicked sorcerer who sought to capture Sonic and harness his power. But Sonic was too clever and too fast to be caught. Instead, he used his gift to help the forest creatures, protecting them from danger and bringing joy wherever he went.

And so, Sonic became the guardian of the enchanted forest, a living legend who reminded everyone that even the smallest creatures can possess the greatest courage and the most magnificent magic of all.<|im_end|>
2025-04-16 03:11:58,746 - 
==================================================

2025-04-16 03:11:58,747 - Generating 3 JSON outputs:
2025-04-16 03:13:42,309 - 
JSON 1:
2025-04-16 03:13:42,310 - {"contractor": "Mike", "sum": 105, "currency": "RUB"}<|im_end|>
2025-04-16 03:13:42,310 - 
==================================================

2025-04-16 03:15:17,524 - 
JSON 2:
2025-04-16 03:15:17,525 - {"contractor": "Mike", "sum": 105.00, "currency": "rubles"}<|im_end|>
2025-04-16 03:15:17,525 - 
==================================================

2025-04-16 03:16:53,781 - 
JSON 3:
2025-04-16 03:16:53,782 - {"contractor": "Mike", "sum": 105, "currency": "Rub"}<|im_end|>
2025-04-16 03:16:53,782 - 
==================================================

