2025-04-15 23:09:04,425 - Generating 3 hedgehog stories:
2025-04-15 23:09:52,529 - 
Story 1:
2025-04-15 23:09:52,530 - Sonic was a small, curious hedgehog found mixing with the bigow, a large, old hedgehog. Even though Sonic was new and tiny, he shared his wits with the larger hedgehog, making an acupressure during a drawing session. Years later, Sonic was a huge success, following in the walker's footsteps and becoming one of the best such buildings. He lived happily, chomping on seeds and enjoying his own miniature world.<|im_end|>
2025-04-15 23:09:52,530 - 
==================================================

2025-04-15 23:12:14,837 - 
Story 2:
2025-04-15 23:12:14,838 - In a dense forest filled with towering trees, lived a tiny hedgehog named Sonic. His spikes gleamed under the moonlight as he scurried through fallen leaves. Sonic had always dreamed of adventure beyond the forest edge.

One day, while foraging for berries, Sonic discovered a hidden path that led to a crystal-clear stream. He dipped his tiny paws into the cool water, feeling refreshed and brave. The rushing water seemed to whisper secrets of distant lands waiting to be explored.

As Sonic ventured further, he encountered a family of rabbits who welcomed him into their burrow. They shared stories of the meadows beyond the forest where flowers bloomed in vibrant colors. Sonic's heart raced with excitement at the thought of such beauty.

With newfound courage, Sonic bid farewell to his rabbit friends and continued his journey. Each step took him closer to his dream of exploring the unknown. The tiny hedgehog may have been small in size, but his spirit was mighty and unbreakable.

After days of traveling, Sonic finally reached the edge of the forest. Before him stretched endless meadows, just as the rabbits had described. The sight was more magnificent than he had ever imagined. Sonic took a deep breath and stepped forward, ready to embrace his greatest adventure yet.<|im_end|>
2025-04-15 23:12:14,838 - 
==================================================

2025-04-15 23:14:35,662 - 
Story 3:
2025-04-15 23:14:35,663 - Once upon a time, in the heart of an ancient forest, there lived a small hedgehog named Sonic. Unlike other hedgehogs who preferred to stay in their nests, Sonic had an insatiable curiosity that led him to explore every corner of his woodland home.

One misty morning, Sonic stumbled upon a peculiar object nestled between the roots of a giant oak tree. It was a small, golden key that seemed to shimmer with an otherworldly light. Intrigued, Sonic carefully picked up the key with his tiny paws and examined it closely.

As the sun rose higher in the sky, casting dappled light through the canopy, Sonic decided to search for what the key might unlock. His journey took him past babbling brooks and through dense underbrush, until he reached a clearing he had never seen before.

In the center of the clearing stood an ancient door, seemingly attached to nothing, yet standing firm on its own. The door was covered in intricate carvings depicting creatures of the forest. Sonic's heart raced as he approached, the golden key clutched tightly in his paw.

With a gentle push, Sonic inserted the key into the lock. It turned with surprising ease, and the door swung open to reveal a magical garden filled with fruits and flowers beyond imagination. From that day on, Sonic became the guardian of this secret place, sharing its bounty only with those who showed kindness and respect for the forest and its inhabitants.<|im_end|>
2025-04-15 23:14:35,663 - 
==================================================

2025-04-15 23:14:35,664 - Generating 3 JSON outputs:
2025-04-15 23:16:27,109 - 
JSON 1:
2025-04-15 23:16:27,110 - {"contractor": "Mike", "sum": 105, "currency": "RUB"}<|im_end|>
2025-04-15 23:16:27,110 - 
==================================================

2025-04-15 23:18:15,424 - 
JSON 2:
2025-04-15 23:18:15,425 - {"contractor": "Mike", "sum": 105.5, "currency": "rubles"}<|im_end|>
2025-04-15 23:18:15,425 - 
==================================================

2025-04-15 23:20:03,781 - 
JSON 3:
2025-04-15 23:20:03,782 - {"contractor": "Mike", "sum": 105, "currency": "Roubles"}<|im_end|>
2025-04-15 23:20:03,782 - 
==================================================

