2025-04-14 00:08:02,652 - Generating hedgehog stories with different parameters:
2025-04-14 00:20:37,293 - 
Beams: 1, Length Penalty: 1.0
2025-04-14 00:20:37,392 - Once upon a time, in a small, cozy village nestled in the heart of the forest, there lived a tiny hedgehog named Sonic. Sonic was a curious and adventurous creature, always eager to explore the world around him. One day, while wandering through the forest, Sonic stumbled upon a hidden cave.

Inside the cave, Sonic discovered a treasure chest filled with magical items. As he opened the chest, he was amazed to see that the items were not just ordinary, but enchanted. Sonic was thrilled to find that he could use the items to help others in need.

From that day on, Sonic became a hero in the village. He used his magical powers to help people in need, and soon, the village was filled with people who were grateful for the help they received from Sonic.

Sonic's story became a legend, and people from all over the village would tell stories about him. Sonic's adventures and his magic helped to bring joy and hope to the people of the village, and he was loved and respected by all who knew him.

And so, Sonic continued to be a tiny hedgehog, always on the lookout for new adventures and helping others in need.<|im_end|>
2025-04-14 00:20:37,397 - 
==================================================

2025-04-14 01:11:23,150 - 
Beams: 4, Length Penalty: 1.0
2025-04-14 01:11:23,211 - Once upon a time, in a small village nestled in the heart of a dense forest, there lived a tiny hedgehog named Sonic. Sonic was a curious and adventurous creature, always eager to explore the world around him. One day, while wandering through the forest, Sonic stumbled upon a hidden cave.

Inside the cave, Sonic discovered a treasure chest filled with strange and magical items. As he opened the chest, he realized that the items were not just ordinary, but were imbued with the power of the forest itself. Sonic knew that he had to find a way to return the treasure back to its rightful owner, the forest itself.

With great courage and determination, Sonic set out on a journey to retrieve the treasure. Along the way, he encountered various challenges and obstacles, but he never gave up. Finally, after a long and grueling journey, Sonic arrived at the forest's heart, where the treasure was hidden.

With the treasure in hand, Sonic returned to the village and presented it to the wise old owl who lived in the forest. The owl, impressed by Sonic's bravery and ingenuity, granted him the power to control the forest's magic. Sonic used his newfound abilities to restore balance to the ecosystem, ensuring that the forest remained healthy and thriving.

From that day on, Sonic became known as the guardian of the forest and its magic. He continued to explore the world around him, always eager to learn and discover new things. And Sonic, the tiny hedgehog, lived happily ever after.<|im_end|>
2025-04-14 01:11:23,261 - 
==================================================

2025-04-14 03:05:50,286 - 
Beams: 4, Length Penalty: 0.5
2025-04-14 03:05:50,303 - Once upon a time, in a small village nestled in the heart of a dense forest, there lived a tiny hedgehog named Sonic. Sonic was a curious and adventurous creature, always eager to explore the world around him. One day, while wandering through the forest, Sonic stumbled upon a hidden cave.

Inside the cave, Sonic discovered a treasure chest filled with strange and magical items. As he opened the chest, he realized that the items were not just ordinary, but were imbued with the power of the forest itself. Sonic knew that he had to find a way to return the treasure back to its rightful owner, the forest itself.

With great courage and determination, Sonic set out on a journey to retrieve the treasure. Along the way, he encountered various challenges and obstacles, but he never gave up. Finally, after a long and grueling journey, Sonic arrived at the forest's heart, where the treasure was hidden.

With the treasure in hand, Sonic returned to the village and presented it to the wise old owl who lived in the forest. The owl, impressed by Sonic's bravery and ingenuity, granted him the power to control the forest's magic. Sonic used his newfound abilities to restore balance to the ecosystem, ensuring that the forest remained healthy and thriving.

From that day on, Sonic became known as the guardian of the forest and its magic. He continued to explore the world around him, always eager to learn and discover new things. And Sonic, the tiny hedgehog, lived happily ever after.<|im_end|>
2025-04-14 03:05:50,305 - 
==================================================

2025-04-14 03:29:50,865 - 
Beams: 4, Length Penalty: 2.0
2025-04-14 03:29:50,867 - Once upon a time, in a small village nestled in the heart of a dense forest, there lived a tiny hedgehog named Sonic. Sonic was a curious and adventurous creature, always eager to explore the world around him. One day, while wandering through the forest, Sonic stumbled upon a hidden cave.

Inside the cave, Sonic discovered a treasure chest filled with strange and magical items. As he opened the chest, he realized that the items were not just ordinary, but were imbued with the power of the forest itself. Sonic knew that he had to find a way to return the treasure back to its rightful owner, the forest itself.

With great courage and determination, Sonic set out on a journey to retrieve the treasure. Along the way, he encountered various challenges and obstacles, but he never gave up. Finally, after a long and grueling journey, Sonic arrived at the forest's heart, where the treasure was hidden.

With the treasure in hand, Sonic returned to the village and presented it to the wise old owl who lived in the forest. The owl, impressed by Sonic's bravery and ingenuity, granted him the power to control the forest's magic. Sonic used his newfound abilities to restore balance to the ecosystem, ensuring that the forest remained healthy and thriving.

From that day on, Sonic became known as the guardian of the forest and its magic. He continued to explore the world around him, always eager to learn and discover new things. And Sonic, the tiny hedgehog, lived happily ever after.<|im_end|>
2025-04-14 03:29:50,867 - 
==================================================

2025-04-14 04:27:39,950 - 
Beams: 8, Length Penalty: 1.0
2025-04-14 04:27:39,951 - Once upon a time, in a small village nestled in the heart of a dense forest, there lived a tiny hedgehog named Sonic. Sonic was a curious and adventurous creature, always eager to explore the world around him. One day, as Sonic was wandering through the forest, he stumbled upon a hidden cave.

Inside the cave, Sonic was greeted by a group of friendly creatures who welcomed him with open arms. One of the creatures was a wise old owl named Whiskers. Whiskers explained to Sonic that the cave was home to a group of magical creatures who lived in harmony with nature.

Over the next few days, Sonic spent his days exploring the cave and learning about the creatures who lived there. He discovered that the cave was home to a variety of magical creatures, including pixies, griffins, and unicorns. Each creature had its own unique abilities and powers, and Sonic was fascinated by them all.

As the days turned into weeks, and the weeks turned into months, Sonic's friendship with the magical creatures grew stronger and stronger. He learned to work with them, to communicate with them, and to protect them from any threats that might come their way.

One day, while exploring the cave, Sonic stumbled upon a group of griffins who were attacking a group of pixies. Sonic knew that he had to help the pixies, but he also knew that he had to be careful not to get too close to the griffins.

With the help of Whiskers and the pixies, Sonic managed to defeat the griffins and save the day. The pixies were overjoyed to have their friend back, and Sonic felt a sense of pride and accomplishment that he had never felt before.

From that day on, Sonic became known as a hero among the magical creatures of the cave. He continued to explore the cave and learn more about the world around him, always ready to help those in need. And Sonic, the tiny hedgehog, lived happily ever after in the magical world of the cave.<|im_end|>
2025-04-14 04:27:39,952 - 
==================================================

2025-04-14 04:27:39,952 - Generating JSON outputs with different parameters:
2025-04-14 04:27:46,440 - 
Beams: 1, Length Penalty: 1.0
2025-04-14 04:27:46,441 - {"contractor": "Mike", "sum": 105, "currency": "rubles"}<|im_end|>
2025-04-14 04:27:46,441 - 
==================================================

2025-04-14 04:28:13,702 - 
Beams: 4, Length Penalty: 1.0
2025-04-14 04:28:13,703 - {"contractor": "Mike", "sum": 105, "currency": "RUB"}<|im_end|>
2025-04-14 04:28:13,704 - 
==================================================

2025-04-14 04:28:40,312 - 
Beams: 4, Length Penalty: 0.5
2025-04-14 04:28:40,313 - {"contractor": "Mike", "sum": 105, "currency": "RUB"}<|im_end|>
2025-04-14 04:28:40,313 - 
==================================================

2025-04-14 04:29:06,853 - 
Beams: 4, Length Penalty: 2.0
2025-04-14 04:29:06,853 - {"contractor": "Mike", "sum": 105, "currency": "RUB"}<|im_end|>
2025-04-14 04:29:06,853 - 
==================================================

2025-04-14 04:30:00,647 - 
Beams: 8, Length Penalty: 1.0
2025-04-14 04:30:00,648 - {"contractor": "Mike", "sum": 105, "currency": "RUB"}<|im_end|>
2025-04-14 04:30:00,648 - 
==================================================

